2017-01-25 13:23:33,992 [INFO] from application in ForkJoinPool-1-worker-1 - Creating Pool for datasource 'default'
2017-01-25 13:23:34,872 [INFO] from play.api.db.DefaultDBApi in ForkJoinPool-1-worker-1 - Database [default] connected at jdbc:mysql://localhost/scalatest
2017-01-25 13:23:37,290 [INFO] from play.api.Play in ForkJoinPool-1-worker-1 - Application started (Dev)
2017-01-25 13:28:57,395 [INFO] from application in application-akka.actor.default-dispatcher-5 - Shutting down connection pool.
2017-01-25 13:28:57,598 [INFO] from application in application-akka.actor.default-dispatcher-5 - Creating Pool for datasource 'default'
2017-01-25 13:28:57,645 [INFO] from play.api.db.DefaultDBApi in application-akka.actor.default-dispatcher-5 - Database [default] connected at jdbc:mysql://localhost/scalatest
2017-01-25 13:28:58,009 [INFO] from play.api.Play in application-akka.actor.default-dispatcher-5 - Application started (Dev)
2017-01-25 13:28:58,954 [WARN] from org.apache.hadoop.util.NativeCodeLoader in application-akka.actor.default-dispatcher-8 - Unable to load native-hadoop library for your platform... using builtin-java classes where applicable
2017-01-25 13:28:59,086 [WARN] from org.apache.spark.util.Utils in application-akka.actor.default-dispatcher-8 - Your hostname, ubuntu resolves to a loopback address: 127.0.1.1; using 10.211.55.8 instead (on interface enp0s5)
2017-01-25 13:28:59,087 [WARN] from org.apache.spark.util.Utils in application-akka.actor.default-dispatcher-8 - Set SPARK_LOCAL_IP if you need to bind to another address
2017-01-25 13:28:59,887 [WARN] from org.spark_project.jetty.util.component.AbstractLifeCycle in application-akka.actor.default-dispatcher-8 - FAILED ServerConnector@a692a68{HTTP/1.1}{0.0.0.0:4040}: java.net.BindException: Address already in use
java.net.BindException: Address already in use
	at sun.nio.ch.Net.bind0(Native Method)
	at sun.nio.ch.Net.bind(Net.java:433)
	at sun.nio.ch.Net.bind(Net.java:425)
	at sun.nio.ch.ServerSocketChannelImpl.bind(ServerSocketChannelImpl.java:223)
	at sun.nio.ch.ServerSocketAdaptor.bind(ServerSocketAdaptor.java:74)
	at org.spark_project.jetty.server.ServerConnector.open(ServerConnector.java:321)
	at org.spark_project.jetty.server.AbstractNetworkConnector.doStart(AbstractNetworkConnector.java:80)
	at org.spark_project.jetty.server.ServerConnector.doStart(ServerConnector.java:236)
	at org.spark_project.jetty.util.component.AbstractLifeCycle.start(AbstractLifeCycle.java:68)
	at org.spark_project.jetty.server.Server.doStart(Server.java:366)
	at org.spark_project.jetty.util.component.AbstractLifeCycle.start(AbstractLifeCycle.java:68)
	at org.apache.spark.ui.JettyUtils$.org$apache$spark$ui$JettyUtils$$connect$1(JettyUtils.scala:298)
	at org.apache.spark.ui.JettyUtils$$anonfun$5.apply(JettyUtils.scala:308)
	at org.apache.spark.ui.JettyUtils$$anonfun$5.apply(JettyUtils.scala:308)
	at org.apache.spark.util.Utils$$anonfun$startServiceOnPort$1.apply$mcVI$sp(Utils.scala:2071)
	at scala.collection.immutable.Range.foreach$mVc$sp(Range.scala:166)
	at org.apache.spark.util.Utils$.startServiceOnPort(Utils.scala:2062)
	at org.apache.spark.ui.JettyUtils$.startJettyServer(JettyUtils.scala:308)
	at org.apache.spark.ui.WebUI.bind(WebUI.scala:139)
	at org.apache.spark.SparkContext$$anonfun$10.apply(SparkContext.scala:451)
	at org.apache.spark.SparkContext$$anonfun$10.apply(SparkContext.scala:451)
	at scala.Option.foreach(Option.scala:257)
	at org.apache.spark.SparkContext.<init>(SparkContext.scala:451)
	at controllers.util.SparkConfCreator.<init>(SparkConfCreator.scala:12)
	at controllers.test$$anonfun$test$1$$anonfun$apply$4.apply(test.scala:54)
	at controllers.test$$anonfun$test$1$$anonfun$apply$4.apply(test.scala:45)
	at play.api.data.Form.fold(Form.scala:139)
	at controllers.test$$anonfun$test$1.apply(test.scala:41)
	at controllers.test$$anonfun$test$1.apply(test.scala:39)
	at play.api.mvc.ActionBuilder$$anonfun$apply$13.apply(Action.scala:371)
	at play.api.mvc.ActionBuilder$$anonfun$apply$13.apply(Action.scala:370)
	at play.api.mvc.Action$.invokeBlock(Action.scala:498)
	at play.api.mvc.Action$.invokeBlock(Action.scala:495)
	at play.api.mvc.ActionBuilder$$anon$2.apply(Action.scala:458)
	at play.api.mvc.Action$$anonfun$apply$2$$anonfun$apply$5$$anonfun$apply$6.apply(Action.scala:112)
	at play.api.mvc.Action$$anonfun$apply$2$$anonfun$apply$5$$anonfun$apply$6.apply(Action.scala:112)
	at play.utils.Threads$.withContextClassLoader(Threads.scala:21)
	at play.api.mvc.Action$$anonfun$apply$2$$anonfun$apply$5.apply(Action.scala:111)
	at play.api.mvc.Action$$anonfun$apply$2$$anonfun$apply$5.apply(Action.scala:110)
	at scala.Option.map(Option.scala:146)
	at play.api.mvc.Action$$anonfun$apply$2.apply(Action.scala:110)
	at play.api.mvc.Action$$anonfun$apply$2.apply(Action.scala:103)
	at scala.concurrent.Future$$anonfun$flatMap$1.apply(Future.scala:251)
	at scala.concurrent.Future$$anonfun$flatMap$1.apply(Future.scala:249)
	at scala.concurrent.impl.CallbackRunnable.run(Promise.scala:32)
	at akka.dispatch.BatchingExecutor$AbstractBatch.processBatch(BatchingExecutor.scala:55)
	at akka.dispatch.BatchingExecutor$BlockableBatch$$anonfun$run$1.apply$mcV$sp(BatchingExecutor.scala:91)
	at akka.dispatch.BatchingExecutor$BlockableBatch$$anonfun$run$1.apply(BatchingExecutor.scala:91)
	at akka.dispatch.BatchingExecutor$BlockableBatch$$anonfun$run$1.apply(BatchingExecutor.scala:91)
	at scala.concurrent.BlockContext$.withBlockContext(BlockContext.scala:72)
	at akka.dispatch.BatchingExecutor$BlockableBatch.run(BatchingExecutor.scala:90)
	at akka.dispatch.TaskInvocation.run(AbstractDispatcher.scala:39)
	at akka.dispatch.ForkJoinExecutorConfigurator$AkkaForkJoinTask.exec(AbstractDispatcher.scala:409)
	at scala.concurrent.forkjoin.ForkJoinTask.doExec(ForkJoinTask.java:260)
	at scala.concurrent.forkjoin.ForkJoinPool$WorkQueue.runTask(ForkJoinPool.java:1339)
	at scala.concurrent.forkjoin.ForkJoinPool.runWorker(ForkJoinPool.java:1979)
	at scala.concurrent.forkjoin.ForkJoinWorkerThread.run(ForkJoinWorkerThread.java:107)
2017-01-25 13:28:59,887 [WARN] from org.spark_project.jetty.util.component.AbstractLifeCycle in application-akka.actor.default-dispatcher-8 - FAILED org.spark_project.jetty.server.Server@d45b3b: java.net.BindException: Address already in use
java.net.BindException: Address already in use
	at sun.nio.ch.Net.bind0(Native Method)
	at sun.nio.ch.Net.bind(Net.java:433)
	at sun.nio.ch.Net.bind(Net.java:425)
	at sun.nio.ch.ServerSocketChannelImpl.bind(ServerSocketChannelImpl.java:223)
	at sun.nio.ch.ServerSocketAdaptor.bind(ServerSocketAdaptor.java:74)
	at org.spark_project.jetty.server.ServerConnector.open(ServerConnector.java:321)
	at org.spark_project.jetty.server.AbstractNetworkConnector.doStart(AbstractNetworkConnector.java:80)
	at org.spark_project.jetty.server.ServerConnector.doStart(ServerConnector.java:236)
	at org.spark_project.jetty.util.component.AbstractLifeCycle.start(AbstractLifeCycle.java:68)
	at org.spark_project.jetty.server.Server.doStart(Server.java:366)
	at org.spark_project.jetty.util.component.AbstractLifeCycle.start(AbstractLifeCycle.java:68)
	at org.apache.spark.ui.JettyUtils$.org$apache$spark$ui$JettyUtils$$connect$1(JettyUtils.scala:298)
	at org.apache.spark.ui.JettyUtils$$anonfun$5.apply(JettyUtils.scala:308)
	at org.apache.spark.ui.JettyUtils$$anonfun$5.apply(JettyUtils.scala:308)
	at org.apache.spark.util.Utils$$anonfun$startServiceOnPort$1.apply$mcVI$sp(Utils.scala:2071)
	at scala.collection.immutable.Range.foreach$mVc$sp(Range.scala:166)
	at org.apache.spark.util.Utils$.startServiceOnPort(Utils.scala:2062)
	at org.apache.spark.ui.JettyUtils$.startJettyServer(JettyUtils.scala:308)
	at org.apache.spark.ui.WebUI.bind(WebUI.scala:139)
	at org.apache.spark.SparkContext$$anonfun$10.apply(SparkContext.scala:451)
	at org.apache.spark.SparkContext$$anonfun$10.apply(SparkContext.scala:451)
	at scala.Option.foreach(Option.scala:257)
	at org.apache.spark.SparkContext.<init>(SparkContext.scala:451)
	at controllers.util.SparkConfCreator.<init>(SparkConfCreator.scala:12)
	at controllers.test$$anonfun$test$1$$anonfun$apply$4.apply(test.scala:54)
	at controllers.test$$anonfun$test$1$$anonfun$apply$4.apply(test.scala:45)
	at play.api.data.Form.fold(Form.scala:139)
	at controllers.test$$anonfun$test$1.apply(test.scala:41)
	at controllers.test$$anonfun$test$1.apply(test.scala:39)
	at play.api.mvc.ActionBuilder$$anonfun$apply$13.apply(Action.scala:371)
	at play.api.mvc.ActionBuilder$$anonfun$apply$13.apply(Action.scala:370)
	at play.api.mvc.Action$.invokeBlock(Action.scala:498)
	at play.api.mvc.Action$.invokeBlock(Action.scala:495)
	at play.api.mvc.ActionBuilder$$anon$2.apply(Action.scala:458)
	at play.api.mvc.Action$$anonfun$apply$2$$anonfun$apply$5$$anonfun$apply$6.apply(Action.scala:112)
	at play.api.mvc.Action$$anonfun$apply$2$$anonfun$apply$5$$anonfun$apply$6.apply(Action.scala:112)
	at play.utils.Threads$.withContextClassLoader(Threads.scala:21)
	at play.api.mvc.Action$$anonfun$apply$2$$anonfun$apply$5.apply(Action.scala:111)
	at play.api.mvc.Action$$anonfun$apply$2$$anonfun$apply$5.apply(Action.scala:110)
	at scala.Option.map(Option.scala:146)
	at play.api.mvc.Action$$anonfun$apply$2.apply(Action.scala:110)
	at play.api.mvc.Action$$anonfun$apply$2.apply(Action.scala:103)
	at scala.concurrent.Future$$anonfun$flatMap$1.apply(Future.scala:251)
	at scala.concurrent.Future$$anonfun$flatMap$1.apply(Future.scala:249)
	at scala.concurrent.impl.CallbackRunnable.run(Promise.scala:32)
	at akka.dispatch.BatchingExecutor$AbstractBatch.processBatch(BatchingExecutor.scala:55)
	at akka.dispatch.BatchingExecutor$BlockableBatch$$anonfun$run$1.apply$mcV$sp(BatchingExecutor.scala:91)
	at akka.dispatch.BatchingExecutor$BlockableBatch$$anonfun$run$1.apply(BatchingExecutor.scala:91)
	at akka.dispatch.BatchingExecutor$BlockableBatch$$anonfun$run$1.apply(BatchingExecutor.scala:91)
	at scala.concurrent.BlockContext$.withBlockContext(BlockContext.scala:72)
	at akka.dispatch.BatchingExecutor$BlockableBatch.run(BatchingExecutor.scala:90)
	at akka.dispatch.TaskInvocation.run(AbstractDispatcher.scala:39)
	at akka.dispatch.ForkJoinExecutorConfigurator$AkkaForkJoinTask.exec(AbstractDispatcher.scala:409)
	at scala.concurrent.forkjoin.ForkJoinTask.doExec(ForkJoinTask.java:260)
	at scala.concurrent.forkjoin.ForkJoinPool$WorkQueue.runTask(ForkJoinPool.java:1339)
	at scala.concurrent.forkjoin.ForkJoinPool.runWorker(ForkJoinPool.java:1979)
	at scala.concurrent.forkjoin.ForkJoinWorkerThread.run(ForkJoinWorkerThread.java:107)
2017-01-25 13:28:59,897 [WARN] from org.apache.spark.util.Utils in application-akka.actor.default-dispatcher-8 - Service 'SparkUI' could not bind on port 4040. Attempting port 4041.
2017-01-25 13:29:00,560 [WARN] from org.apache.spark.SparkContext in application-akka.actor.default-dispatcher-8 - Use an existing SparkContext, some configuration may not take effect.
2017-01-25 13:29:11,272 [WARN] from com.github.fommil.netlib.BLAS in Executor task launch worker-0 - Failed to load implementation from: com.github.fommil.netlib.NativeSystemBLAS
2017-01-25 13:29:11,272 [WARN] from com.github.fommil.netlib.BLAS in Executor task launch worker-0 - Failed to load implementation from: com.github.fommil.netlib.NativeRefBLAS
2017-01-25 13:30:07,251 [WARN] from org.spark_project.jetty.util.component.AbstractLifeCycle in application-akka.actor.default-dispatcher-9 - FAILED ServerConnector@2e815cc3{HTTP/1.1}{0.0.0.0:4040}: java.net.BindException: Address already in use
java.net.BindException: Address already in use
	at sun.nio.ch.Net.bind0(Native Method)
	at sun.nio.ch.Net.bind(Net.java:433)
	at sun.nio.ch.Net.bind(Net.java:425)
	at sun.nio.ch.ServerSocketChannelImpl.bind(ServerSocketChannelImpl.java:223)
	at sun.nio.ch.ServerSocketAdaptor.bind(ServerSocketAdaptor.java:74)
	at org.spark_project.jetty.server.ServerConnector.open(ServerConnector.java:321)
	at org.spark_project.jetty.server.AbstractNetworkConnector.doStart(AbstractNetworkConnector.java:80)
	at org.spark_project.jetty.server.ServerConnector.doStart(ServerConnector.java:236)
	at org.spark_project.jetty.util.component.AbstractLifeCycle.start(AbstractLifeCycle.java:68)
	at org.spark_project.jetty.server.Server.doStart(Server.java:366)
	at org.spark_project.jetty.util.component.AbstractLifeCycle.start(AbstractLifeCycle.java:68)
	at org.apache.spark.ui.JettyUtils$.org$apache$spark$ui$JettyUtils$$connect$1(JettyUtils.scala:298)
	at org.apache.spark.ui.JettyUtils$$anonfun$5.apply(JettyUtils.scala:308)
	at org.apache.spark.ui.JettyUtils$$anonfun$5.apply(JettyUtils.scala:308)
	at org.apache.spark.util.Utils$$anonfun$startServiceOnPort$1.apply$mcVI$sp(Utils.scala:2071)
	at scala.collection.immutable.Range.foreach$mVc$sp(Range.scala:166)
	at org.apache.spark.util.Utils$.startServiceOnPort(Utils.scala:2062)
	at org.apache.spark.ui.JettyUtils$.startJettyServer(JettyUtils.scala:308)
	at org.apache.spark.ui.WebUI.bind(WebUI.scala:139)
	at org.apache.spark.SparkContext$$anonfun$10.apply(SparkContext.scala:451)
	at org.apache.spark.SparkContext$$anonfun$10.apply(SparkContext.scala:451)
	at scala.Option.foreach(Option.scala:257)
	at org.apache.spark.SparkContext.<init>(SparkContext.scala:451)
	at controllers.util.SparkConfCreator.<init>(SparkConfCreator.scala:12)
	at controllers.test$$anonfun$test$1$$anonfun$apply$4.apply(test.scala:54)
	at controllers.test$$anonfun$test$1$$anonfun$apply$4.apply(test.scala:45)
	at play.api.data.Form.fold(Form.scala:139)
	at controllers.test$$anonfun$test$1.apply(test.scala:41)
	at controllers.test$$anonfun$test$1.apply(test.scala:39)
	at play.api.mvc.ActionBuilder$$anonfun$apply$13.apply(Action.scala:371)
	at play.api.mvc.ActionBuilder$$anonfun$apply$13.apply(Action.scala:370)
	at play.api.mvc.Action$.invokeBlock(Action.scala:498)
	at play.api.mvc.Action$.invokeBlock(Action.scala:495)
	at play.api.mvc.ActionBuilder$$anon$2.apply(Action.scala:458)
	at play.api.mvc.Action$$anonfun$apply$2$$anonfun$apply$5$$anonfun$apply$6.apply(Action.scala:112)
	at play.api.mvc.Action$$anonfun$apply$2$$anonfun$apply$5$$anonfun$apply$6.apply(Action.scala:112)
	at play.utils.Threads$.withContextClassLoader(Threads.scala:21)
	at play.api.mvc.Action$$anonfun$apply$2$$anonfun$apply$5.apply(Action.scala:111)
	at play.api.mvc.Action$$anonfun$apply$2$$anonfun$apply$5.apply(Action.scala:110)
	at scala.Option.map(Option.scala:146)
	at play.api.mvc.Action$$anonfun$apply$2.apply(Action.scala:110)
	at play.api.mvc.Action$$anonfun$apply$2.apply(Action.scala:103)
	at scala.concurrent.Future$$anonfun$flatMap$1.apply(Future.scala:251)
	at scala.concurrent.Future$$anonfun$flatMap$1.apply(Future.scala:249)
	at scala.concurrent.impl.CallbackRunnable.run(Promise.scala:32)
	at akka.dispatch.BatchingExecutor$AbstractBatch.processBatch(BatchingExecutor.scala:55)
	at akka.dispatch.BatchingExecutor$BlockableBatch$$anonfun$run$1.apply$mcV$sp(BatchingExecutor.scala:91)
	at akka.dispatch.BatchingExecutor$BlockableBatch$$anonfun$run$1.apply(BatchingExecutor.scala:91)
	at akka.dispatch.BatchingExecutor$BlockableBatch$$anonfun$run$1.apply(BatchingExecutor.scala:91)
	at scala.concurrent.BlockContext$.withBlockContext(BlockContext.scala:72)
	at akka.dispatch.BatchingExecutor$BlockableBatch.run(BatchingExecutor.scala:90)
	at akka.dispatch.TaskInvocation.run(AbstractDispatcher.scala:39)
	at akka.dispatch.ForkJoinExecutorConfigurator$AkkaForkJoinTask.exec(AbstractDispatcher.scala:409)
	at scala.concurrent.forkjoin.ForkJoinTask.doExec(ForkJoinTask.java:260)
	at scala.concurrent.forkjoin.ForkJoinPool$WorkQueue.runTask(ForkJoinPool.java:1339)
	at scala.concurrent.forkjoin.ForkJoinPool.runWorker(ForkJoinPool.java:1979)
	at scala.concurrent.forkjoin.ForkJoinWorkerThread.run(ForkJoinWorkerThread.java:107)
2017-01-25 13:30:07,264 [WARN] from org.spark_project.jetty.util.component.AbstractLifeCycle in application-akka.actor.default-dispatcher-9 - FAILED org.spark_project.jetty.server.Server@435f23d6: java.net.BindException: Address already in use
java.net.BindException: Address already in use
	at sun.nio.ch.Net.bind0(Native Method)
	at sun.nio.ch.Net.bind(Net.java:433)
	at sun.nio.ch.Net.bind(Net.java:425)
	at sun.nio.ch.ServerSocketChannelImpl.bind(ServerSocketChannelImpl.java:223)
	at sun.nio.ch.ServerSocketAdaptor.bind(ServerSocketAdaptor.java:74)
	at org.spark_project.jetty.server.ServerConnector.open(ServerConnector.java:321)
	at org.spark_project.jetty.server.AbstractNetworkConnector.doStart(AbstractNetworkConnector.java:80)
	at org.spark_project.jetty.server.ServerConnector.doStart(ServerConnector.java:236)
	at org.spark_project.jetty.util.component.AbstractLifeCycle.start(AbstractLifeCycle.java:68)
	at org.spark_project.jetty.server.Server.doStart(Server.java:366)
	at org.spark_project.jetty.util.component.AbstractLifeCycle.start(AbstractLifeCycle.java:68)
	at org.apache.spark.ui.JettyUtils$.org$apache$spark$ui$JettyUtils$$connect$1(JettyUtils.scala:298)
	at org.apache.spark.ui.JettyUtils$$anonfun$5.apply(JettyUtils.scala:308)
	at org.apache.spark.ui.JettyUtils$$anonfun$5.apply(JettyUtils.scala:308)
	at org.apache.spark.util.Utils$$anonfun$startServiceOnPort$1.apply$mcVI$sp(Utils.scala:2071)
	at scala.collection.immutable.Range.foreach$mVc$sp(Range.scala:166)
	at org.apache.spark.util.Utils$.startServiceOnPort(Utils.scala:2062)
	at org.apache.spark.ui.JettyUtils$.startJettyServer(JettyUtils.scala:308)
	at org.apache.spark.ui.WebUI.bind(WebUI.scala:139)
	at org.apache.spark.SparkContext$$anonfun$10.apply(SparkContext.scala:451)
	at org.apache.spark.SparkContext$$anonfun$10.apply(SparkContext.scala:451)
	at scala.Option.foreach(Option.scala:257)
	at org.apache.spark.SparkContext.<init>(SparkContext.scala:451)
	at controllers.util.SparkConfCreator.<init>(SparkConfCreator.scala:12)
	at controllers.test$$anonfun$test$1$$anonfun$apply$4.apply(test.scala:54)
	at controllers.test$$anonfun$test$1$$anonfun$apply$4.apply(test.scala:45)
	at play.api.data.Form.fold(Form.scala:139)
	at controllers.test$$anonfun$test$1.apply(test.scala:41)
	at controllers.test$$anonfun$test$1.apply(test.scala:39)
	at play.api.mvc.ActionBuilder$$anonfun$apply$13.apply(Action.scala:371)
	at play.api.mvc.ActionBuilder$$anonfun$apply$13.apply(Action.scala:370)
	at play.api.mvc.Action$.invokeBlock(Action.scala:498)
	at play.api.mvc.Action$.invokeBlock(Action.scala:495)
	at play.api.mvc.ActionBuilder$$anon$2.apply(Action.scala:458)
	at play.api.mvc.Action$$anonfun$apply$2$$anonfun$apply$5$$anonfun$apply$6.apply(Action.scala:112)
	at play.api.mvc.Action$$anonfun$apply$2$$anonfun$apply$5$$anonfun$apply$6.apply(Action.scala:112)
	at play.utils.Threads$.withContextClassLoader(Threads.scala:21)
	at play.api.mvc.Action$$anonfun$apply$2$$anonfun$apply$5.apply(Action.scala:111)
	at play.api.mvc.Action$$anonfun$apply$2$$anonfun$apply$5.apply(Action.scala:110)
	at scala.Option.map(Option.scala:146)
	at play.api.mvc.Action$$anonfun$apply$2.apply(Action.scala:110)
	at play.api.mvc.Action$$anonfun$apply$2.apply(Action.scala:103)
	at scala.concurrent.Future$$anonfun$flatMap$1.apply(Future.scala:251)
	at scala.concurrent.Future$$anonfun$flatMap$1.apply(Future.scala:249)
	at scala.concurrent.impl.CallbackRunnable.run(Promise.scala:32)
	at akka.dispatch.BatchingExecutor$AbstractBatch.processBatch(BatchingExecutor.scala:55)
	at akka.dispatch.BatchingExecutor$BlockableBatch$$anonfun$run$1.apply$mcV$sp(BatchingExecutor.scala:91)
	at akka.dispatch.BatchingExecutor$BlockableBatch$$anonfun$run$1.apply(BatchingExecutor.scala:91)
	at akka.dispatch.BatchingExecutor$BlockableBatch$$anonfun$run$1.apply(BatchingExecutor.scala:91)
	at scala.concurrent.BlockContext$.withBlockContext(BlockContext.scala:72)
	at akka.dispatch.BatchingExecutor$BlockableBatch.run(BatchingExecutor.scala:90)
	at akka.dispatch.TaskInvocation.run(AbstractDispatcher.scala:39)
	at akka.dispatch.ForkJoinExecutorConfigurator$AkkaForkJoinTask.exec(AbstractDispatcher.scala:409)
	at scala.concurrent.forkjoin.ForkJoinTask.doExec(ForkJoinTask.java:260)
	at scala.concurrent.forkjoin.ForkJoinPool$WorkQueue.runTask(ForkJoinPool.java:1339)
	at scala.concurrent.forkjoin.ForkJoinPool.runWorker(ForkJoinPool.java:1979)
	at scala.concurrent.forkjoin.ForkJoinWorkerThread.run(ForkJoinWorkerThread.java:107)
2017-01-25 13:30:07,269 [WARN] from org.apache.spark.util.Utils in application-akka.actor.default-dispatcher-9 - Service 'SparkUI' could not bind on port 4040. Attempting port 4041.
2017-01-25 13:30:07,406 [WARN] from org.apache.spark.SparkContext in application-akka.actor.default-dispatcher-9 - Use an existing SparkContext, some configuration may not take effect.
2017-01-25 13:32:44,530 [WARN] from org.spark_project.jetty.util.component.AbstractLifeCycle in application-akka.actor.default-dispatcher-16 - FAILED ServerConnector@26eaa64{HTTP/1.1}{0.0.0.0:4040}: java.net.BindException: Address already in use
java.net.BindException: Address already in use
	at sun.nio.ch.Net.bind0(Native Method)
	at sun.nio.ch.Net.bind(Net.java:433)
	at sun.nio.ch.Net.bind(Net.java:425)
	at sun.nio.ch.ServerSocketChannelImpl.bind(ServerSocketChannelImpl.java:223)
	at sun.nio.ch.ServerSocketAdaptor.bind(ServerSocketAdaptor.java:74)
	at org.spark_project.jetty.server.ServerConnector.open(ServerConnector.java:321)
	at org.spark_project.jetty.server.AbstractNetworkConnector.doStart(AbstractNetworkConnector.java:80)
	at org.spark_project.jetty.server.ServerConnector.doStart(ServerConnector.java:236)
	at org.spark_project.jetty.util.component.AbstractLifeCycle.start(AbstractLifeCycle.java:68)
	at org.spark_project.jetty.server.Server.doStart(Server.java:366)
	at org.spark_project.jetty.util.component.AbstractLifeCycle.start(AbstractLifeCycle.java:68)
	at org.apache.spark.ui.JettyUtils$.org$apache$spark$ui$JettyUtils$$connect$1(JettyUtils.scala:298)
	at org.apache.spark.ui.JettyUtils$$anonfun$5.apply(JettyUtils.scala:308)
	at org.apache.spark.ui.JettyUtils$$anonfun$5.apply(JettyUtils.scala:308)
	at org.apache.spark.util.Utils$$anonfun$startServiceOnPort$1.apply$mcVI$sp(Utils.scala:2071)
	at scala.collection.immutable.Range.foreach$mVc$sp(Range.scala:166)
	at org.apache.spark.util.Utils$.startServiceOnPort(Utils.scala:2062)
	at org.apache.spark.ui.JettyUtils$.startJettyServer(JettyUtils.scala:308)
	at org.apache.spark.ui.WebUI.bind(WebUI.scala:139)
	at org.apache.spark.SparkContext$$anonfun$10.apply(SparkContext.scala:451)
	at org.apache.spark.SparkContext$$anonfun$10.apply(SparkContext.scala:451)
	at scala.Option.foreach(Option.scala:257)
	at org.apache.spark.SparkContext.<init>(SparkContext.scala:451)
	at controllers.util.SparkConfCreator.<init>(SparkConfCreator.scala:12)
	at controllers.test$$anonfun$test$1$$anonfun$apply$4.apply(test.scala:157)
	at controllers.test$$anonfun$test$1$$anonfun$apply$4.apply(test.scala:45)
	at play.api.data.Form.fold(Form.scala:139)
	at controllers.test$$anonfun$test$1.apply(test.scala:41)
	at controllers.test$$anonfun$test$1.apply(test.scala:39)
	at play.api.mvc.ActionBuilder$$anonfun$apply$13.apply(Action.scala:371)
	at play.api.mvc.ActionBuilder$$anonfun$apply$13.apply(Action.scala:370)
	at play.api.mvc.Action$.invokeBlock(Action.scala:498)
	at play.api.mvc.Action$.invokeBlock(Action.scala:495)
	at play.api.mvc.ActionBuilder$$anon$2.apply(Action.scala:458)
	at play.api.mvc.Action$$anonfun$apply$2$$anonfun$apply$5$$anonfun$apply$6.apply(Action.scala:112)
	at play.api.mvc.Action$$anonfun$apply$2$$anonfun$apply$5$$anonfun$apply$6.apply(Action.scala:112)
	at play.utils.Threads$.withContextClassLoader(Threads.scala:21)
	at play.api.mvc.Action$$anonfun$apply$2$$anonfun$apply$5.apply(Action.scala:111)
	at play.api.mvc.Action$$anonfun$apply$2$$anonfun$apply$5.apply(Action.scala:110)
	at scala.Option.map(Option.scala:146)
	at play.api.mvc.Action$$anonfun$apply$2.apply(Action.scala:110)
	at play.api.mvc.Action$$anonfun$apply$2.apply(Action.scala:103)
	at scala.concurrent.Future$$anonfun$flatMap$1.apply(Future.scala:251)
	at scala.concurrent.Future$$anonfun$flatMap$1.apply(Future.scala:249)
	at scala.concurrent.impl.CallbackRunnable.run(Promise.scala:32)
	at akka.dispatch.BatchingExecutor$AbstractBatch.processBatch(BatchingExecutor.scala:55)
	at akka.dispatch.BatchingExecutor$BlockableBatch$$anonfun$run$1.apply$mcV$sp(BatchingExecutor.scala:91)
	at akka.dispatch.BatchingExecutor$BlockableBatch$$anonfun$run$1.apply(BatchingExecutor.scala:91)
	at akka.dispatch.BatchingExecutor$BlockableBatch$$anonfun$run$1.apply(BatchingExecutor.scala:91)
	at scala.concurrent.BlockContext$.withBlockContext(BlockContext.scala:72)
	at akka.dispatch.BatchingExecutor$BlockableBatch.run(BatchingExecutor.scala:90)
	at akka.dispatch.TaskInvocation.run(AbstractDispatcher.scala:39)
	at akka.dispatch.ForkJoinExecutorConfigurator$AkkaForkJoinTask.exec(AbstractDispatcher.scala:409)
	at scala.concurrent.forkjoin.ForkJoinTask.doExec(ForkJoinTask.java:260)
	at scala.concurrent.forkjoin.ForkJoinPool$WorkQueue.runTask(ForkJoinPool.java:1339)
	at scala.concurrent.forkjoin.ForkJoinPool.runWorker(ForkJoinPool.java:1979)
	at scala.concurrent.forkjoin.ForkJoinWorkerThread.run(ForkJoinWorkerThread.java:107)
2017-01-25 13:32:44,530 [WARN] from org.spark_project.jetty.util.component.AbstractLifeCycle in application-akka.actor.default-dispatcher-16 - FAILED org.spark_project.jetty.server.Server@6bdbdb58: java.net.BindException: Address already in use
java.net.BindException: Address already in use
	at sun.nio.ch.Net.bind0(Native Method)
	at sun.nio.ch.Net.bind(Net.java:433)
	at sun.nio.ch.Net.bind(Net.java:425)
	at sun.nio.ch.ServerSocketChannelImpl.bind(ServerSocketChannelImpl.java:223)
	at sun.nio.ch.ServerSocketAdaptor.bind(ServerSocketAdaptor.java:74)
	at org.spark_project.jetty.server.ServerConnector.open(ServerConnector.java:321)
	at org.spark_project.jetty.server.AbstractNetworkConnector.doStart(AbstractNetworkConnector.java:80)
	at org.spark_project.jetty.server.ServerConnector.doStart(ServerConnector.java:236)
	at org.spark_project.jetty.util.component.AbstractLifeCycle.start(AbstractLifeCycle.java:68)
	at org.spark_project.jetty.server.Server.doStart(Server.java:366)
	at org.spark_project.jetty.util.component.AbstractLifeCycle.start(AbstractLifeCycle.java:68)
	at org.apache.spark.ui.JettyUtils$.org$apache$spark$ui$JettyUtils$$connect$1(JettyUtils.scala:298)
	at org.apache.spark.ui.JettyUtils$$anonfun$5.apply(JettyUtils.scala:308)
	at org.apache.spark.ui.JettyUtils$$anonfun$5.apply(JettyUtils.scala:308)
	at org.apache.spark.util.Utils$$anonfun$startServiceOnPort$1.apply$mcVI$sp(Utils.scala:2071)
	at scala.collection.immutable.Range.foreach$mVc$sp(Range.scala:166)
	at org.apache.spark.util.Utils$.startServiceOnPort(Utils.scala:2062)
	at org.apache.spark.ui.JettyUtils$.startJettyServer(JettyUtils.scala:308)
	at org.apache.spark.ui.WebUI.bind(WebUI.scala:139)
	at org.apache.spark.SparkContext$$anonfun$10.apply(SparkContext.scala:451)
	at org.apache.spark.SparkContext$$anonfun$10.apply(SparkContext.scala:451)
	at scala.Option.foreach(Option.scala:257)
	at org.apache.spark.SparkContext.<init>(SparkContext.scala:451)
	at controllers.util.SparkConfCreator.<init>(SparkConfCreator.scala:12)
	at controllers.test$$anonfun$test$1$$anonfun$apply$4.apply(test.scala:157)
	at controllers.test$$anonfun$test$1$$anonfun$apply$4.apply(test.scala:45)
	at play.api.data.Form.fold(Form.scala:139)
	at controllers.test$$anonfun$test$1.apply(test.scala:41)
	at controllers.test$$anonfun$test$1.apply(test.scala:39)
	at play.api.mvc.ActionBuilder$$anonfun$apply$13.apply(Action.scala:371)
	at play.api.mvc.ActionBuilder$$anonfun$apply$13.apply(Action.scala:370)
	at play.api.mvc.Action$.invokeBlock(Action.scala:498)
	at play.api.mvc.Action$.invokeBlock(Action.scala:495)
	at play.api.mvc.ActionBuilder$$anon$2.apply(Action.scala:458)
	at play.api.mvc.Action$$anonfun$apply$2$$anonfun$apply$5$$anonfun$apply$6.apply(Action.scala:112)
	at play.api.mvc.Action$$anonfun$apply$2$$anonfun$apply$5$$anonfun$apply$6.apply(Action.scala:112)
	at play.utils.Threads$.withContextClassLoader(Threads.scala:21)
	at play.api.mvc.Action$$anonfun$apply$2$$anonfun$apply$5.apply(Action.scala:111)
	at play.api.mvc.Action$$anonfun$apply$2$$anonfun$apply$5.apply(Action.scala:110)
	at scala.Option.map(Option.scala:146)
	at play.api.mvc.Action$$anonfun$apply$2.apply(Action.scala:110)
	at play.api.mvc.Action$$anonfun$apply$2.apply(Action.scala:103)
	at scala.concurrent.Future$$anonfun$flatMap$1.apply(Future.scala:251)
	at scala.concurrent.Future$$anonfun$flatMap$1.apply(Future.scala:249)
	at scala.concurrent.impl.CallbackRunnable.run(Promise.scala:32)
	at akka.dispatch.BatchingExecutor$AbstractBatch.processBatch(BatchingExecutor.scala:55)
	at akka.dispatch.BatchingExecutor$BlockableBatch$$anonfun$run$1.apply$mcV$sp(BatchingExecutor.scala:91)
	at akka.dispatch.BatchingExecutor$BlockableBatch$$anonfun$run$1.apply(BatchingExecutor.scala:91)
	at akka.dispatch.BatchingExecutor$BlockableBatch$$anonfun$run$1.apply(BatchingExecutor.scala:91)
	at scala.concurrent.BlockContext$.withBlockContext(BlockContext.scala:72)
	at akka.dispatch.BatchingExecutor$BlockableBatch.run(BatchingExecutor.scala:90)
	at akka.dispatch.TaskInvocation.run(AbstractDispatcher.scala:39)
	at akka.dispatch.ForkJoinExecutorConfigurator$AkkaForkJoinTask.exec(AbstractDispatcher.scala:409)
	at scala.concurrent.forkjoin.ForkJoinTask.doExec(ForkJoinTask.java:260)
	at scala.concurrent.forkjoin.ForkJoinPool$WorkQueue.runTask(ForkJoinPool.java:1339)
	at scala.concurrent.forkjoin.ForkJoinPool.runWorker(ForkJoinPool.java:1979)
	at scala.concurrent.forkjoin.ForkJoinWorkerThread.run(ForkJoinWorkerThread.java:107)
2017-01-25 13:32:44,531 [WARN] from org.apache.spark.util.Utils in application-akka.actor.default-dispatcher-16 - Service 'SparkUI' could not bind on port 4040. Attempting port 4041.
2017-01-25 13:32:44,619 [WARN] from org.apache.spark.SparkContext in application-akka.actor.default-dispatcher-16 - Use an existing SparkContext, some configuration may not take effect.
2017-01-25 13:33:29,571 [WARN] from org.spark_project.jetty.util.component.AbstractLifeCycle in application-akka.actor.default-dispatcher-16 - FAILED ServerConnector@49b6e95d{HTTP/1.1}{0.0.0.0:4040}: java.net.BindException: Address already in use
java.net.BindException: Address already in use
	at sun.nio.ch.Net.bind0(Native Method)
	at sun.nio.ch.Net.bind(Net.java:433)
	at sun.nio.ch.Net.bind(Net.java:425)
	at sun.nio.ch.ServerSocketChannelImpl.bind(ServerSocketChannelImpl.java:223)
	at sun.nio.ch.ServerSocketAdaptor.bind(ServerSocketAdaptor.java:74)
	at org.spark_project.jetty.server.ServerConnector.open(ServerConnector.java:321)
	at org.spark_project.jetty.server.AbstractNetworkConnector.doStart(AbstractNetworkConnector.java:80)
	at org.spark_project.jetty.server.ServerConnector.doStart(ServerConnector.java:236)
	at org.spark_project.jetty.util.component.AbstractLifeCycle.start(AbstractLifeCycle.java:68)
	at org.spark_project.jetty.server.Server.doStart(Server.java:366)
	at org.spark_project.jetty.util.component.AbstractLifeCycle.start(AbstractLifeCycle.java:68)
	at org.apache.spark.ui.JettyUtils$.org$apache$spark$ui$JettyUtils$$connect$1(JettyUtils.scala:298)
	at org.apache.spark.ui.JettyUtils$$anonfun$5.apply(JettyUtils.scala:308)
	at org.apache.spark.ui.JettyUtils$$anonfun$5.apply(JettyUtils.scala:308)
	at org.apache.spark.util.Utils$$anonfun$startServiceOnPort$1.apply$mcVI$sp(Utils.scala:2071)
	at scala.collection.immutable.Range.foreach$mVc$sp(Range.scala:166)
	at org.apache.spark.util.Utils$.startServiceOnPort(Utils.scala:2062)
	at org.apache.spark.ui.JettyUtils$.startJettyServer(JettyUtils.scala:308)
	at org.apache.spark.ui.WebUI.bind(WebUI.scala:139)
	at org.apache.spark.SparkContext$$anonfun$10.apply(SparkContext.scala:451)
	at org.apache.spark.SparkContext$$anonfun$10.apply(SparkContext.scala:451)
	at scala.Option.foreach(Option.scala:257)
	at org.apache.spark.SparkContext.<init>(SparkContext.scala:451)
	at controllers.util.SparkConfCreator.<init>(SparkConfCreator.scala:12)
	at controllers.test$$anonfun$test$1$$anonfun$apply$4.apply(test.scala:157)
	at controllers.test$$anonfun$test$1$$anonfun$apply$4.apply(test.scala:45)
	at play.api.data.Form.fold(Form.scala:139)
	at controllers.test$$anonfun$test$1.apply(test.scala:41)
	at controllers.test$$anonfun$test$1.apply(test.scala:39)
	at play.api.mvc.ActionBuilder$$anonfun$apply$13.apply(Action.scala:371)
	at play.api.mvc.ActionBuilder$$anonfun$apply$13.apply(Action.scala:370)
	at play.api.mvc.Action$.invokeBlock(Action.scala:498)
	at play.api.mvc.Action$.invokeBlock(Action.scala:495)
	at play.api.mvc.ActionBuilder$$anon$2.apply(Action.scala:458)
	at play.api.mvc.Action$$anonfun$apply$2$$anonfun$apply$5$$anonfun$apply$6.apply(Action.scala:112)
	at play.api.mvc.Action$$anonfun$apply$2$$anonfun$apply$5$$anonfun$apply$6.apply(Action.scala:112)
	at play.utils.Threads$.withContextClassLoader(Threads.scala:21)
	at play.api.mvc.Action$$anonfun$apply$2$$anonfun$apply$5.apply(Action.scala:111)
	at play.api.mvc.Action$$anonfun$apply$2$$anonfun$apply$5.apply(Action.scala:110)
	at scala.Option.map(Option.scala:146)
	at play.api.mvc.Action$$anonfun$apply$2.apply(Action.scala:110)
	at play.api.mvc.Action$$anonfun$apply$2.apply(Action.scala:103)
	at scala.concurrent.Future$$anonfun$flatMap$1.apply(Future.scala:251)
	at scala.concurrent.Future$$anonfun$flatMap$1.apply(Future.scala:249)
	at scala.concurrent.impl.CallbackRunnable.run(Promise.scala:32)
	at akka.dispatch.BatchingExecutor$AbstractBatch.processBatch(BatchingExecutor.scala:55)
	at akka.dispatch.BatchingExecutor$BlockableBatch$$anonfun$run$1.apply$mcV$sp(BatchingExecutor.scala:91)
	at akka.dispatch.BatchingExecutor$BlockableBatch$$anonfun$run$1.apply(BatchingExecutor.scala:91)
	at akka.dispatch.BatchingExecutor$BlockableBatch$$anonfun$run$1.apply(BatchingExecutor.scala:91)
	at scala.concurrent.BlockContext$.withBlockContext(BlockContext.scala:72)
	at akka.dispatch.BatchingExecutor$BlockableBatch.run(BatchingExecutor.scala:90)
	at akka.dispatch.TaskInvocation.run(AbstractDispatcher.scala:39)
	at akka.dispatch.ForkJoinExecutorConfigurator$AkkaForkJoinTask.exec(AbstractDispatcher.scala:409)
	at scala.concurrent.forkjoin.ForkJoinTask.doExec(ForkJoinTask.java:260)
	at scala.concurrent.forkjoin.ForkJoinPool$WorkQueue.runTask(ForkJoinPool.java:1339)
	at scala.concurrent.forkjoin.ForkJoinPool.runWorker(ForkJoinPool.java:1979)
	at scala.concurrent.forkjoin.ForkJoinWorkerThread.run(ForkJoinWorkerThread.java:107)
2017-01-25 13:33:29,571 [WARN] from org.spark_project.jetty.util.component.AbstractLifeCycle in application-akka.actor.default-dispatcher-16 - FAILED org.spark_project.jetty.server.Server@2a6dfde3: java.net.BindException: Address already in use
java.net.BindException: Address already in use
	at sun.nio.ch.Net.bind0(Native Method)
	at sun.nio.ch.Net.bind(Net.java:433)
	at sun.nio.ch.Net.bind(Net.java:425)
	at sun.nio.ch.ServerSocketChannelImpl.bind(ServerSocketChannelImpl.java:223)
	at sun.nio.ch.ServerSocketAdaptor.bind(ServerSocketAdaptor.java:74)
	at org.spark_project.jetty.server.ServerConnector.open(ServerConnector.java:321)
	at org.spark_project.jetty.server.AbstractNetworkConnector.doStart(AbstractNetworkConnector.java:80)
	at org.spark_project.jetty.server.ServerConnector.doStart(ServerConnector.java:236)
	at org.spark_project.jetty.util.component.AbstractLifeCycle.start(AbstractLifeCycle.java:68)
	at org.spark_project.jetty.server.Server.doStart(Server.java:366)
	at org.spark_project.jetty.util.component.AbstractLifeCycle.start(AbstractLifeCycle.java:68)
	at org.apache.spark.ui.JettyUtils$.org$apache$spark$ui$JettyUtils$$connect$1(JettyUtils.scala:298)
	at org.apache.spark.ui.JettyUtils$$anonfun$5.apply(JettyUtils.scala:308)
	at org.apache.spark.ui.JettyUtils$$anonfun$5.apply(JettyUtils.scala:308)
	at org.apache.spark.util.Utils$$anonfun$startServiceOnPort$1.apply$mcVI$sp(Utils.scala:2071)
	at scala.collection.immutable.Range.foreach$mVc$sp(Range.scala:166)
	at org.apache.spark.util.Utils$.startServiceOnPort(Utils.scala:2062)
	at org.apache.spark.ui.JettyUtils$.startJettyServer(JettyUtils.scala:308)
	at org.apache.spark.ui.WebUI.bind(WebUI.scala:139)
	at org.apache.spark.SparkContext$$anonfun$10.apply(SparkContext.scala:451)
	at org.apache.spark.SparkContext$$anonfun$10.apply(SparkContext.scala:451)
	at scala.Option.foreach(Option.scala:257)
	at org.apache.spark.SparkContext.<init>(SparkContext.scala:451)
	at controllers.util.SparkConfCreator.<init>(SparkConfCreator.scala:12)
	at controllers.test$$anonfun$test$1$$anonfun$apply$4.apply(test.scala:157)
	at controllers.test$$anonfun$test$1$$anonfun$apply$4.apply(test.scala:45)
	at play.api.data.Form.fold(Form.scala:139)
	at controllers.test$$anonfun$test$1.apply(test.scala:41)
	at controllers.test$$anonfun$test$1.apply(test.scala:39)
	at play.api.mvc.ActionBuilder$$anonfun$apply$13.apply(Action.scala:371)
	at play.api.mvc.ActionBuilder$$anonfun$apply$13.apply(Action.scala:370)
	at play.api.mvc.Action$.invokeBlock(Action.scala:498)
	at play.api.mvc.Action$.invokeBlock(Action.scala:495)
	at play.api.mvc.ActionBuilder$$anon$2.apply(Action.scala:458)
	at play.api.mvc.Action$$anonfun$apply$2$$anonfun$apply$5$$anonfun$apply$6.apply(Action.scala:112)
	at play.api.mvc.Action$$anonfun$apply$2$$anonfun$apply$5$$anonfun$apply$6.apply(Action.scala:112)
	at play.utils.Threads$.withContextClassLoader(Threads.scala:21)
	at play.api.mvc.Action$$anonfun$apply$2$$anonfun$apply$5.apply(Action.scala:111)
	at play.api.mvc.Action$$anonfun$apply$2$$anonfun$apply$5.apply(Action.scala:110)
	at scala.Option.map(Option.scala:146)
	at play.api.mvc.Action$$anonfun$apply$2.apply(Action.scala:110)
	at play.api.mvc.Action$$anonfun$apply$2.apply(Action.scala:103)
	at scala.concurrent.Future$$anonfun$flatMap$1.apply(Future.scala:251)
	at scala.concurrent.Future$$anonfun$flatMap$1.apply(Future.scala:249)
	at scala.concurrent.impl.CallbackRunnable.run(Promise.scala:32)
	at akka.dispatch.BatchingExecutor$AbstractBatch.processBatch(BatchingExecutor.scala:55)
	at akka.dispatch.BatchingExecutor$BlockableBatch$$anonfun$run$1.apply$mcV$sp(BatchingExecutor.scala:91)
	at akka.dispatch.BatchingExecutor$BlockableBatch$$anonfun$run$1.apply(BatchingExecutor.scala:91)
	at akka.dispatch.BatchingExecutor$BlockableBatch$$anonfun$run$1.apply(BatchingExecutor.scala:91)
	at scala.concurrent.BlockContext$.withBlockContext(BlockContext.scala:72)
	at akka.dispatch.BatchingExecutor$BlockableBatch.run(BatchingExecutor.scala:90)
	at akka.dispatch.TaskInvocation.run(AbstractDispatcher.scala:39)
	at akka.dispatch.ForkJoinExecutorConfigurator$AkkaForkJoinTask.exec(AbstractDispatcher.scala:409)
	at scala.concurrent.forkjoin.ForkJoinTask.doExec(ForkJoinTask.java:260)
	at scala.concurrent.forkjoin.ForkJoinPool$WorkQueue.runTask(ForkJoinPool.java:1339)
	at scala.concurrent.forkjoin.ForkJoinPool.runWorker(ForkJoinPool.java:1979)
	at scala.concurrent.forkjoin.ForkJoinWorkerThread.run(ForkJoinWorkerThread.java:107)
2017-01-25 13:33:29,573 [WARN] from org.apache.spark.util.Utils in application-akka.actor.default-dispatcher-16 - Service 'SparkUI' could not bind on port 4040. Attempting port 4041.
2017-01-25 13:33:29,654 [WARN] from org.apache.spark.SparkContext in application-akka.actor.default-dispatcher-16 - Use an existing SparkContext, some configuration may not take effect.
